<?xml version="1.0" encoding="UTF-8"?>
<!-- Generated by org.testng.reporters.JUnitReportReporter -->
<testsuite hostname="DESKTOP-JD3EVM2" failures="0" tests="1" name="PensionPillarPage.TC_01" time="56.580" errors="0" timestamp="2020-04-13T15:08:10 EEST" skipped="0">
  <testcase classname="PensionPillarPage.TC_01" name="PensionPage" time="56.580"/>
  <system-out/>
</testsuite> <!-- PensionPillarPage.TC_01 -->
