<?xml version="1.0" encoding="UTF-8"?>
<!-- Generated by org.testng.reporters.JUnitReportReporter -->
<testsuite hostname="DESKTOP-JD3EVM2" failures="0" tests="4" name="PensionFundRats.VerifyPensionFund" time="96.238" errors="0" timestamp="2020-04-13T19:52:26 EEST" skipped="0">
  <testcase classname="PensionFundRats.VerifyPensionFund" name="PensionStartSaving" time="35.763"/>
  <system-out/>
  <testcase classname="PensionFundRats.VerifyPensionFund" name="PensionStartSavingMessage" time="11.889"/>
  <system-out/>
  <testcase classname="PensionFundRats.VerifyPensionFund" name="PensionFundPage1" time="25.256"/>
  <system-out/>
  <testcase classname="PensionFundRats.VerifyPensionFund" name="PensionFundPage2" time="23.330"/>
  <system-out/>
</testsuite> <!-- PensionFundRats.VerifyPensionFund -->
